2025-11-24 01:47:12 [2] SERVER -> CLIENT: 220 smtp.gmail.com ESMTP 00721157ae682-78a79925ba4sm39118937b3.26 - gsmtp

2025-11-24 01:47:12 [1] CLIENT -> SERVER: EHLO localhost

2025-11-24 01:47:12 [2] SERVER -> CLIENT: 250-smtp.gmail.com at your service, [152.204.250.203]
250-SIZE 35882577
250-8BITMIME
250-STARTTLS
250-ENHANCEDSTATUSCODES
250-PIPELINING
250-CHUNKING
250 SMTPUTF8

2025-11-24 01:47:12 [1] CLIENT -> SERVER: STARTTLS

2025-11-24 01:47:12 [2] SERVER -> CLIENT: 220 2.0.0 Ready to start TLS

2025-11-24 01:47:14 [1] CLIENT -> SERVER: EHLO localhost

2025-11-24 01:47:14 [2] SERVER -> CLIENT: 250-smtp.gmail.com at your service, [152.204.250.203]
250-SIZE 35882577
250-8BITMIME
250-AUTH LOGIN PLAIN XOAUTH2 PLAIN-CLIENTTOKEN OAUTHBEARER XOAUTH
250-ENHANCEDSTATUSCODES
250-PIPELINING
250-CHUNKING
250 SMTPUTF8

2025-11-24 01:47:14 [1] CLIENT -> SERVER: AUTH LOGIN

2025-11-24 01:47:15 [2] SERVER -> CLIENT: 334 VXNlcm5hbWU6

2025-11-24 01:47:15 [1] CLIENT -> SERVER: [credentials hidden]
2025-11-24 01:47:15 [2] SERVER -> CLIENT: 334 UGFzc3dvcmQ6

2025-11-24 01:47:15 [1] CLIENT -> SERVER: [credentials hidden]
2025-11-24 01:47:15 [2] SERVER -> CLIENT: 535-5.7.8 Username and Password not accepted. For more information, go to
535 5.7.8  https://support.google.com/mail/?p=BadCredentials 00721157ae682-78a79925ba4sm39118937b3.26 - gsmtp

2025-11-24 01:47:15 [1] SMTP ERROR: Password command failed: 535-5.7.8 Username and Password not accepted. For more information, go to
535 5.7.8  https://support.google.com/mail/?p=BadCredentials 00721157ae682-78a79925ba4sm39118937b3.26 - gsmtp

2025-11-24 01:47:15 [2] SMTP Error: Could not authenticate.
2025-11-24 01:47:15 [1] CLIENT -> SERVER: QUIT

2025-11-24 01:47:15 [2] SERVER -> CLIENT: 221 2.0.0 closing connection 00721157ae682-78a79925ba4sm39118937b3.26 - gsmtp

2025-11-24 01:47:15 [2] SMTP Error: Could not authenticate.
2025-11-24 01:47:15 [ERROR] SMTP Error: Could not authenticate.
2025-11-24 02:02:49 [2] SERVER -> CLIENT: 220 smtp.gmail.com ESMTP 71dfb90a1353d-55b7f6017e2sm5084573e0c.5 - gsmtp

2025-11-24 02:02:49 [1] CLIENT -> SERVER: EHLO localhost

2025-11-24 02:02:49 [2] SERVER -> CLIENT: 250-smtp.gmail.com at your service, [152.204.250.203]
250-SIZE 35882577
250-8BITMIME
250-STARTTLS
250-ENHANCEDSTATUSCODES
250-PIPELINING
250-CHUNKING
250 SMTPUTF8

2025-11-24 02:02:49 [1] CLIENT -> SERVER: STARTTLS

2025-11-24 02:02:49 [2] SERVER -> CLIENT: 220 2.0.0 Ready to start TLS

2025-11-24 02:02:50 [1] CLIENT -> SERVER: EHLO localhost

2025-11-24 02:02:51 [2] SERVER -> CLIENT: 250-smtp.gmail.com at your service, [152.204.250.203]
250-SIZE 35882577
250-8BITMIME
250-AUTH LOGIN PLAIN XOAUTH2 PLAIN-CLIENTTOKEN OAUTHBEARER XOAUTH
250-ENHANCEDSTATUSCODES
250-PIPELINING
250-CHUNKING
250 SMTPUTF8

2025-11-24 02:02:51 [1] CLIENT -> SERVER: AUTH LOGIN

2025-11-24 02:02:51 [2] SERVER -> CLIENT: 334 VXNlcm5hbWU6

2025-11-24 02:02:51 [1] CLIENT -> SERVER: [credentials hidden]
2025-11-24 02:02:51 [2] SERVER -> CLIENT: 334 UGFzc3dvcmQ6

2025-11-24 02:02:51 [1] CLIENT -> SERVER: [credentials hidden]
2025-11-24 02:02:51 [2] SERVER -> CLIENT: 235 2.7.0 Accepted

2025-11-24 02:02:51 [1] CLIENT -> SERVER: MAIL FROM:<informate.florencia2024@gmail.com>

2025-11-24 02:02:51 [2] SERVER -> CLIENT: 250 2.1.0 OK 71dfb90a1353d-55b7f6017e2sm5084573e0c.5 - gsmtp

2025-11-24 02:02:51 [1] CLIENT -> SERVER: RCPT TO:<brayanandreshernandezortiz2@gmail.com>

2025-11-24 02:02:51 [2] SERVER -> CLIENT: 250 2.1.5 OK 71dfb90a1353d-55b7f6017e2sm5084573e0c.5 - gsmtp

2025-11-24 02:02:51 [1] CLIENT -> SERVER: DATA

2025-11-24 02:02:51 [2] SERVER -> CLIENT: 354 Go ahead 71dfb90a1353d-55b7f6017e2sm5084573e0c.5 - gsmtp

2025-11-24 02:02:51 [1] CLIENT -> SERVER: Date: Mon, 24 Nov 2025 02:02:49 +0100

2025-11-24 02:02:51 [1] CLIENT -> SERVER: To: mvgfgs <brayanandreshernandezortiz2@gmail.com>

2025-11-24 02:02:51 [1] CLIENT -> SERVER: From: SalidaSENA Admin <informate.florencia2024@gmail.com>

2025-11-24 02:02:51 [1] CLIENT -> SERVER: Subject: =?iso-8859-1?Q?Actualizaci=C3=B3n_de_Estado_de_Cuenta_-_SalidaSENA?=

2025-11-24 02:02:51 [1] CLIENT -> SERVER: Message-ID: <c0R5mFE8IeRre9dVIXgFi8ryKXe0WORx7YiSKrYTNM@localhost>

2025-11-24 02:02:51 [1] CLIENT -> SERVER: X-Mailer: PHPMailer 7.0.0 (https://github.com/PHPMailer/PHPMailer)

2025-11-24 02:02:51 [1] CLIENT -> SERVER: MIME-Version: 1.0

2025-11-24 02:02:51 [1] CLIENT -> SERVER: Content-Type: multipart/alternative;

2025-11-24 02:02:51 [1] CLIENT -> SERVER:  boundary="b1=_c0R5mFE8IeRre9dVIXgFi8ryKXe0WORx7YiSKrYTNM"

2025-11-24 02:02:51 [1] CLIENT -> SERVER: Content-Transfer-Encoding: 8bit

2025-11-24 02:02:51 [1] CLIENT -> SERVER: 

2025-11-24 02:02:51 [1] CLIENT -> SERVER: --b1=_c0R5mFE8IeRre9dVIXgFi8ryKXe0WORx7YiSKrYTNM

2025-11-24 02:02:51 [1] CLIENT -> SERVER: Content-Type: text/plain; charset=us-ascii

2025-11-24 02:02:51 [1] CLIENT -> SERVER: 

2025-11-24 02:02:51 [1] CLIENT -> SERVER: Hola mvgfgs, tu estado de cuenta ha cambiado a: Inactivo.

2025-11-24 02:02:51 [1] CLIENT -> SERVER: 

2025-11-24 02:02:51 [1] CLIENT -> SERVER: --b1=_c0R5mFE8IeRre9dVIXgFi8ryKXe0WORx7YiSKrYTNM

2025-11-24 02:02:51 [1] CLIENT -> SERVER: Content-Type: text/html; charset=iso-8859-1

2025-11-24 02:02:51 [1] CLIENT -> SERVER: Content-Transfer-Encoding: 8bit

2025-11-24 02:02:51 [1] CLIENT -> SERVER: 

2025-11-24 02:02:51 [1] CLIENT -> SERVER: 

2025-11-24 02:02:51 [1] CLIENT -> SERVER:         <html>

2025-11-24 02:02:51 [1] CLIENT -> SERVER:         <head>

2025-11-24 02:02:51 [1] CLIENT -> SERVER:             <style>

2025-11-24 02:02:51 [1] CLIENT -> SERVER:                 body { font-family: Arial, sans-serif; color: #333; }

2025-11-24 02:02:51 [1] CLIENT -> SERVER:                 .container { padding: 20px; border: 1px solid #ddd; border-radius: 5px; }

2025-11-24 02:02:51 [1] CLIENT -> SERVER:                 .header { background-color: #39A900; color: white; padding: 10px; text-align: center; border-radius: 5px 5px 0 0; }

2025-11-24 02:02:51 [1] CLIENT -> SERVER:                 .content { padding: 20px; }

2025-11-24 02:02:51 [1] CLIENT -> SERVER:                 .footer { font-size: 12px; color: #777; text-align: center; margin-top: 20px; }

2025-11-24 02:02:51 [1] CLIENT -> SERVER:             </style>

2025-11-24 02:02:51 [1] CLIENT -> SERVER:         </head>

2025-11-24 02:02:51 [1] CLIENT -> SERVER:         <body>

2025-11-24 02:02:51 [1] CLIENT -> SERVER:             <div class='container'>

2025-11-24 02:02:51 [1] CLIENT -> SERVER:                 <div class='header'>

2025-11-24 02:02:51 [1] CLIENT -> SERVER:                     <h2>Actualización de Estado</h2>

2025-11-24 02:02:51 [1] CLIENT -> SERVER:                 </div>

2025-11-24 02:02:51 [1] CLIENT -> SERVER:                 <div class='content'>

2025-11-24 02:02:51 [1] CLIENT -> SERVER:                     <p>Hola <strong>mvgfgs</strong>,</p>

2025-11-24 02:02:51 [1] CLIENT -> SERVER:                     <p>Te informamos que el estado de tu cuenta en <strong>SalidaSENA</strong> ha sido actualizado.</p>

2025-11-24 02:02:51 [1] CLIENT -> SERVER:                     <p>Nuevo Estado: <strong style='color: red;'>Inactivo</strong></p>

2025-11-24 02:02:51 [1] CLIENT -> SERVER:                     <p>Tu acceso ha sido restringido temporalmente. Contacta al administrador si crees que es un error.</p>

2025-11-24 02:02:51 [1] CLIENT -> SERVER:                 </div>

2025-11-24 02:02:51 [1] CLIENT -> SERVER:                 <div class='footer'>

2025-11-24 02:02:51 [1] CLIENT -> SERVER:                     <p>Este es un mensaje automático, por favor no responder.</p>

2025-11-24 02:02:51 [1] CLIENT -> SERVER:                 </div>

2025-11-24 02:02:51 [1] CLIENT -> SERVER:             </div>

2025-11-24 02:02:51 [1] CLIENT -> SERVER:         </body>

2025-11-24 02:02:51 [1] CLIENT -> SERVER:         </html>

2025-11-24 02:02:51 [1] CLIENT -> SERVER:         

2025-11-24 02:02:51 [1] CLIENT -> SERVER: 

2025-11-24 02:02:51 [1] CLIENT -> SERVER: 

2025-11-24 02:02:51 [1] CLIENT -> SERVER: --b1=_c0R5mFE8IeRre9dVIXgFi8ryKXe0WORx7YiSKrYTNM--

2025-11-24 02:02:51 [1] CLIENT -> SERVER: 

2025-11-24 02:02:51 [1] CLIENT -> SERVER: .

2025-11-24 02:02:52 [2] SERVER -> CLIENT: 250 2.0.0 OK  1763946172 71dfb90a1353d-55b7f6017e2sm5084573e0c.5 - gsmtp

2025-11-24 02:02:52 [1] CLIENT -> SERVER: QUIT

2025-11-24 02:02:52 [2] SERVER -> CLIENT: 221 2.0.0 closing connection 71dfb90a1353d-55b7f6017e2sm5084573e0c.5 - gsmtp

2025-11-24 02:02:52 [SUCCESS] Correo enviado a brayanandreshernandezortiz2@gmail.com
2025-11-24 04:32:58 [SUCCESS] Correo enviado a brayanandreshernandezortiz2@gmail.com
2025-11-24 04:37:14 [SUCCESS] Correo enviado a brayanandreshernandezortiz2@gmail.com
2025-11-27 16:49:19 [SUCCESS] Correo enviado a whoyosocana@gmail.com
2025-11-27 16:59:04 [SUCCESS] Correo enviado a ortizwilfer503@gmail.com
2025-11-28 02:32:56 [SUCCESS] Código de recuperación enviado a whoyosocana@gmail.com
2025-11-28 12:35:50 [SUCCESS] Código de recuperación enviado a ortizwilfer503@gmail.com
2025-11-28 12:36:25 [SUCCESS] Código de recuperación enviado a ortizwilfer503@gmail.com
2025-11-28 13:40:57 [SUCCESS] Correo enviado a aquinteroocampo934@gmail.com
2025-11-28 13:43:45 [SUCCESS] Código de recuperación enviado a aquinteroocampo934@gmail.com
2025-11-28 13:45:23 [SUCCESS] Correo enviado a aquinteroocampo934@gmail.com
2025-11-29 16:57:27 [SUCCESS] Código de recuperación enviado a brayanandreshernandezortiz2@gmail.com
2025-11-29 17:08:18 [SUCCESS] Correo enviado a brayanandreshernandezortiz2@gmail.com
2025-11-29 17:09:18 [SUCCESS] Correo enviado a brayanandreshernandezortiz2@gmail.com
2025-11-29 17:16:54 [SUCCESS] Correo enviado a miryam3ortiz22@gmail.com
2025-11-30 02:16:14 [SUCCESS] Correo enviado a miryam3ortiz22@gmail.com
2025-12-03 02:15:34 [SUCCESS] Correo enviado a baho@gmail.com
2025-12-03 02:22:39 [SUCCESS] Correo enviado a baho@gmail.com
