[2025-12-04 00:16:01] === Iniciando proceso de expiración ===
[2025-12-04 00:16:01] Solicitudes expiradas encontradas: 0
[2025-12-04 00:16:01] No hay solicitudes para expirar
[2025-12-04 00:16:01] === Proceso finalizado ===

[2025-12-04 00:21:01] === Iniciando proceso de expiración ===
[2025-12-04 00:21:01] Solicitudes expiradas encontradas: 0
[2025-12-04 00:21:01] No hay solicitudes para expirar
[2025-12-04 00:21:01] === Proceso finalizado ===

[2025-12-04 00:26:01] === Iniciando proceso de expiración ===
[2025-12-04 00:26:01] Solicitudes expiradas encontradas: 0
[2025-12-04 00:26:01] No hay solicitudes para expirar
[2025-12-04 00:26:01] === Proceso finalizado ===

[2025-12-04 00:31:01] === Iniciando proceso de expiración ===
[2025-12-04 00:31:01] Solicitudes expiradas encontradas: 0
[2025-12-04 00:31:01] No hay solicitudes para expirar
[2025-12-04 00:31:01] === Proceso finalizado ===

[2025-12-04 00:36:01] === Iniciando proceso de expiración ===
[2025-12-04 00:36:01] Solicitudes expiradas encontradas: 0
[2025-12-04 00:36:01] No hay solicitudes para expirar
[2025-12-04 00:36:01] === Proceso finalizado ===

[2025-12-04 00:41:01] === Iniciando proceso de expiración ===
[2025-12-04 00:41:01] Solicitudes expiradas encontradas: 0
[2025-12-04 00:41:01] No hay solicitudes para expirar
[2025-12-04 00:41:01] === Proceso finalizado ===

[2025-12-04 00:46:01] === Iniciando proceso de expiración ===
[2025-12-04 00:46:01] Solicitudes expiradas encontradas: 0
[2025-12-04 00:46:01] No hay solicitudes para expirar
[2025-12-04 00:46:01] === Proceso finalizado ===

[2025-12-04 00:51:03] === Iniciando proceso de expiración ===
[2025-12-04 00:51:03] Solicitudes expiradas encontradas: 1
[2025-12-04 00:51:03] Solicitud #86 rechazada automáticamente (62 minutos transcurridos)
[2025-12-04 00:51:03] Solicitudes rechazadas exitosamente: 1 de 1
[2025-12-04 00:51:03] === Proceso finalizado ===

[2025-12-04 01:56:01] === Iniciando proceso de expiración ===
[2025-12-04 01:56:01] Solicitudes expiradas encontradas: 1
[2025-12-04 01:56:01] Solicitud #87 rechazada automáticamente (83 minutos transcurridos)
[2025-12-04 01:56:01] Solicitudes rechazadas exitosamente: 1 de 1
[2025-12-04 01:56:01] === Proceso finalizado ===

[2025-12-04 02:01:01] === Iniciando proceso de expiración ===
[2025-12-04 02:01:01] Solicitudes expiradas encontradas: 0
[2025-12-04 02:01:01] No hay solicitudes para expirar
[2025-12-04 02:01:01] === Proceso finalizado ===

[2025-12-04 02:06:01] === Iniciando proceso de expiración ===
[2025-12-04 02:06:01] Solicitudes expiradas encontradas: 0
[2025-12-04 02:06:01] No hay solicitudes para expirar
[2025-12-04 02:06:01] === Proceso finalizado ===

[2025-12-04 02:11:01] === Iniciando proceso de expiración ===
[2025-12-04 02:11:01] Solicitudes expiradas encontradas: 0
[2025-12-04 02:11:01] No hay solicitudes para expirar
[2025-12-04 02:11:01] === Proceso finalizado ===

[2025-12-04 02:16:01] === Iniciando proceso de expiración ===
[2025-12-04 02:16:01] Solicitudes expiradas encontradas: 0
[2025-12-04 02:16:01] No hay solicitudes para expirar
[2025-12-04 02:16:01] === Proceso finalizado ===

[2025-12-04 02:21:01] === Iniciando proceso de expiración ===
[2025-12-04 02:21:01] Solicitudes expiradas encontradas: 0
[2025-12-04 02:21:01] No hay solicitudes para expirar
[2025-12-04 02:21:01] === Proceso finalizado ===

[2025-12-04 02:26:01] === Iniciando proceso de expiración ===
[2025-12-04 02:26:01] Solicitudes expiradas encontradas: 0
[2025-12-04 02:26:01] No hay solicitudes para expirar
[2025-12-04 02:26:01] === Proceso finalizado ===

[2025-12-04 02:31:01] === Iniciando proceso de expiración ===
[2025-12-04 02:31:01] Solicitudes expiradas encontradas: 0
[2025-12-04 02:31:01] No hay solicitudes para expirar
[2025-12-04 02:31:01] === Proceso finalizado ===

[2025-12-04 02:36:01] === Iniciando proceso de expiración ===
[2025-12-04 02:36:01] Solicitudes expiradas encontradas: 0
[2025-12-04 02:36:01] No hay solicitudes para expirar
[2025-12-04 02:36:01] === Proceso finalizado ===

[2025-12-04 02:41:01] === Iniciando proceso de expiración ===
[2025-12-04 02:41:01] Solicitudes expiradas encontradas: 0
[2025-12-04 02:41:01] No hay solicitudes para expirar
[2025-12-04 02:41:01] === Proceso finalizado ===

[2025-12-04 02:46:01] === Iniciando proceso de expiración ===
[2025-12-04 02:46:01] Solicitudes expiradas encontradas: 0
[2025-12-04 02:46:01] No hay solicitudes para expirar
[2025-12-04 02:46:01] === Proceso finalizado ===

[2025-12-04 02:51:01] === Iniciando proceso de expiración ===
[2025-12-04 02:51:01] Solicitudes expiradas encontradas: 0
[2025-12-04 02:51:01] No hay solicitudes para expirar
[2025-12-04 02:51:01] === Proceso finalizado ===

[2025-12-04 02:56:01] === Iniciando proceso de expiración ===
[2025-12-04 02:56:01] Solicitudes expiradas encontradas: 0
[2025-12-04 02:56:01] No hay solicitudes para expirar
[2025-12-04 02:56:01] === Proceso finalizado ===

[2025-12-04 03:01:01] === Iniciando proceso de expiración ===
[2025-12-04 03:01:01] Solicitudes expiradas encontradas: 1
[2025-12-04 03:01:01] Solicitud #88 rechazada automáticamente (63 minutos transcurridos)
[2025-12-04 03:01:01] Solicitudes rechazadas exitosamente: 1 de 1
[2025-12-04 03:01:01] === Proceso finalizado ===

[2025-12-04 03:06:01] === Iniciando proceso de expiración ===
[2025-12-04 03:06:01] Solicitudes expiradas encontradas: 0
[2025-12-04 03:06:01] No hay solicitudes para expirar
[2025-12-04 03:06:01] === Proceso finalizado ===

[2025-12-04 03:11:01] === Iniciando proceso de expiración ===
[2025-12-04 03:11:01] Solicitudes expiradas encontradas: 0
[2025-12-04 03:11:01] No hay solicitudes para expirar
[2025-12-04 03:11:01] === Proceso finalizado ===

[2025-12-04 03:16:01] === Iniciando proceso de expiración ===
[2025-12-04 03:16:01] Solicitudes expiradas encontradas: 0
[2025-12-04 03:16:01] No hay solicitudes para expirar
[2025-12-04 03:16:01] === Proceso finalizado ===

[2025-12-04 03:21:01] === Iniciando proceso de expiración ===
[2025-12-04 03:21:01] Solicitudes expiradas encontradas: 0
[2025-12-04 03:21:01] No hay solicitudes para expirar
[2025-12-04 03:21:01] === Proceso finalizado ===

[2025-12-04 03:26:01] === Iniciando proceso de expiración ===
[2025-12-04 03:26:01] Solicitudes expiradas encontradas: 0
[2025-12-04 03:26:01] No hay solicitudes para expirar
[2025-12-04 03:26:01] === Proceso finalizado ===

[2025-12-04 03:31:01] === Iniciando proceso de expiración ===
[2025-12-04 03:31:01] Solicitudes expiradas encontradas: 0
[2025-12-04 03:31:01] No hay solicitudes para expirar
[2025-12-04 03:31:01] === Proceso finalizado ===

[2025-12-04 03:36:01] === Iniciando proceso de expiración ===
[2025-12-04 03:36:01] Solicitudes expiradas encontradas: 0
[2025-12-04 03:36:01] No hay solicitudes para expirar
[2025-12-04 03:36:01] === Proceso finalizado ===

[2025-12-04 03:41:01] === Iniciando proceso de expiración ===
[2025-12-04 03:41:01] Solicitudes expiradas encontradas: 1
[2025-12-04 03:41:01] Solicitud #89 rechazada automáticamente (62 minutos transcurridos)
[2025-12-04 03:41:01] Solicitudes rechazadas exitosamente: 1 de 1
[2025-12-04 03:41:01] === Proceso finalizado ===

[2025-12-04 03:46:01] === Iniciando proceso de expiración ===
[2025-12-04 03:46:01] Solicitudes expiradas encontradas: 0
[2025-12-04 03:46:01] No hay solicitudes para expirar
[2025-12-04 03:46:01] === Proceso finalizado ===

[2025-12-04 03:51:01] === Iniciando proceso de expiración ===
[2025-12-04 03:51:01] Solicitudes expiradas encontradas: 0
[2025-12-04 03:51:01] No hay solicitudes para expirar
[2025-12-04 03:51:01] === Proceso finalizado ===

[2025-12-04 03:56:01] === Iniciando proceso de expiración ===
[2025-12-04 03:56:01] Solicitudes expiradas encontradas: 0
[2025-12-04 03:56:01] No hay solicitudes para expirar
[2025-12-04 03:56:01] === Proceso finalizado ===

[2025-12-04 04:01:01] === Iniciando proceso de expiración ===
[2025-12-04 04:01:01] Solicitudes expiradas encontradas: 0
[2025-12-04 04:01:01] No hay solicitudes para expirar
[2025-12-04 04:01:01] === Proceso finalizado ===

[2025-12-04 04:06:06] === Iniciando proceso de expiración ===
[2025-12-04 04:06:06] Solicitudes expiradas encontradas: 0
[2025-12-04 04:06:06] No hay solicitudes para expirar
[2025-12-04 04:06:06] === Proceso finalizado ===

[2025-12-04 04:11:01] === Iniciando proceso de expiración ===
[2025-12-04 04:11:01] Solicitudes expiradas encontradas: 0
[2025-12-04 04:11:01] No hay solicitudes para expirar
[2025-12-04 04:11:01] === Proceso finalizado ===

[2025-12-04 04:16:01] === Iniciando proceso de expiración ===
[2025-12-04 04:16:01] Solicitudes expiradas encontradas: 0
[2025-12-04 04:16:01] No hay solicitudes para expirar
[2025-12-04 04:16:01] === Proceso finalizado ===

[2025-12-04 04:21:01] === Iniciando proceso de expiración ===
[2025-12-04 04:21:01] Solicitudes expiradas encontradas: 0
[2025-12-04 04:21:01] No hay solicitudes para expirar
[2025-12-04 04:21:01] === Proceso finalizado ===

[2025-12-04 04:26:01] === Iniciando proceso de expiración ===
[2025-12-04 04:26:01] Solicitudes expiradas encontradas: 0
[2025-12-04 04:26:01] No hay solicitudes para expirar
[2025-12-04 04:26:01] === Proceso finalizado ===

[2025-12-04 04:31:01] === Iniciando proceso de expiración ===
[2025-12-04 04:31:01] Solicitudes expiradas encontradas: 0
[2025-12-04 04:31:01] No hay solicitudes para expirar
[2025-12-04 04:31:01] === Proceso finalizado ===

